!SESSION 2016-05-04 17:38:58.585 -----------------------------------------------
eclipse.buildId=4.5.2.M20160212-1500
java.version=1.8.0_73
java.vendor=Oracle Corporation
BootLoader constants: OS=win32, ARCH=x86_64, WS=win32, NL=sk_SK
Framework arguments:  -product org.eclipse.epp.package.java.product
Command-line arguments:  -os win32 -ws win32 -arch x86_64 -product org.eclipse.epp.package.java.product

!ENTRY org.eclipse.ui 2 0 2016-05-04 17:39:11.389
!MESSAGE The 'org.eclipse.ui.startup' extension from 'com.objectaid.uml' does not provide a 'class' attribute.
This usage is deprecated and a 'class' attribute should be provided.
The release after Mars (4.5) will no longer support the deprecated usage!
!SESSION 2016-05-04 17:39:42.298 -----------------------------------------------
eclipse.buildId=4.5.2.M20160212-1500
java.version=1.8.0_73
java.vendor=Oracle Corporation
BootLoader constants: OS=win32, ARCH=x86_64, WS=win32, NL=sk_SK
Framework arguments:  -product org.eclipse.epp.package.java.product
Command-line arguments:  -os win32 -ws win32 -arch x86_64 -product org.eclipse.epp.package.java.product

<<<<<<< HEAD
!ENTRY org.eclipse.core.resources 4 567 2016-05-04 15:55:26.332
!MESSAGE Workspace restored, but some problems occurred.
!SUBENTRY 1 org.eclipse.core.resources 4 567 2016-05-04 15:55:26.332
!MESSAGE Could not read metadata for 'othello test1'.
!STACK 1
org.eclipse.core.internal.resources.ResourceException: The project description file (.project) for 'othello test1' is missing.  This file contains important information about the project.  The project will not function properly until this file is restored.
	at org.eclipse.core.internal.localstore.FileSystemResourceManager.read(FileSystemResourceManager.java:888)
	at org.eclipse.core.internal.resources.SaveManager.restoreMetaInfo(SaveManager.java:902)
	at org.eclipse.core.internal.resources.SaveManager.restoreMetaInfo(SaveManager.java:882)
	at org.eclipse.core.internal.resources.SaveManager.restore(SaveManager.java:733)
	at org.eclipse.core.internal.resources.SaveManager.startup(SaveManager.java:1588)
	at org.eclipse.core.internal.resources.Workspace.startup(Workspace.java:2386)
	at org.eclipse.core.internal.resources.Workspace.open(Workspace.java:2157)
	at org.eclipse.core.resources.ResourcesPlugin.start(ResourcesPlugin.java:463)
	at org.eclipse.osgi.internal.framework.BundleContextImpl$3.run(BundleContextImpl.java:771)
	at org.eclipse.osgi.internal.framework.BundleContextImpl$3.run(BundleContextImpl.java:1)
	at java.security.AccessController.doPrivileged(Native Method)
	at org.eclipse.osgi.internal.framework.BundleContextImpl.startActivator(BundleContextImpl.java:764)
	at org.eclipse.osgi.internal.framework.BundleContextImpl.start(BundleContextImpl.java:721)
	at org.eclipse.osgi.internal.framework.EquinoxBundle.startWorker0(EquinoxBundle.java:941)
	at org.eclipse.osgi.internal.framework.EquinoxBundle$EquinoxModule.startWorker(EquinoxBundle.java:318)
	at org.eclipse.osgi.container.Module.doStart(Module.java:571)
	at org.eclipse.osgi.container.Module.start(Module.java:439)
	at org.eclipse.osgi.framework.util.SecureAction.start(SecureAction.java:454)
	at org.eclipse.osgi.internal.hooks.EclipseLazyStarter.postFindLocalClass(EclipseLazyStarter.java:107)
	at org.eclipse.osgi.internal.loader.classpath.ClasspathManager.findLocalClass(ClasspathManager.java:531)
	at org.eclipse.osgi.internal.loader.ModuleClassLoader.findLocalClass(ModuleClassLoader.java:324)
	at org.eclipse.osgi.internal.loader.BundleLoader.findLocalClass(BundleLoader.java:327)
	at org.eclipse.osgi.internal.loader.sources.SingleSourcePackage.loadClass(SingleSourcePackage.java:36)
	at org.eclipse.osgi.internal.loader.BundleLoader.findClassInternal(BundleLoader.java:398)
	at org.eclipse.osgi.internal.loader.BundleLoader.findClass(BundleLoader.java:352)
	at org.eclipse.osgi.internal.loader.BundleLoader.findClass(BundleLoader.java:344)
	at org.eclipse.osgi.internal.loader.ModuleClassLoader.loadClass(ModuleClassLoader.java:160)
	at java.lang.ClassLoader.loadClass(Unknown Source)
	at org.eclipse.ui.internal.ide.application.IDEApplication.start(IDEApplication.java:140)
	at org.eclipse.equinox.internal.app.EclipseAppHandle.run(EclipseAppHandle.java:196)
	at org.eclipse.core.runtime.internal.adaptor.EclipseAppLauncher.runApplication(EclipseAppLauncher.java:134)
	at org.eclipse.core.runtime.internal.adaptor.EclipseAppLauncher.start(EclipseAppLauncher.java:104)
	at org.eclipse.core.runtime.adaptor.EclipseStarter.run(EclipseStarter.java:380)
	at org.eclipse.core.runtime.adaptor.EclipseStarter.run(EclipseStarter.java:235)
	at sun.reflect.NativeMethodAccessorImpl.invoke0(Native Method)
	at sun.reflect.NativeMethodAccessorImpl.invoke(Unknown Source)
	at sun.reflect.DelegatingMethodAccessorImpl.invoke(Unknown Source)
	at java.lang.reflect.Method.invoke(Unknown Source)
	at org.eclipse.equinox.launcher.Main.invokeFramework(Main.java:669)
	at org.eclipse.equinox.launcher.Main.basicRun(Main.java:608)
	at org.eclipse.equinox.launcher.Main.run(Main.java:1515)
!SUBENTRY 2 org.eclipse.core.resources 4 567 2016-05-04 15:55:26.332
!MESSAGE The project description file (.project) for 'othello test1' is missing.  This file contains important information about the project.  The project will not function properly until this file is restored.

!ENTRY org.eclipse.egit.ui 2 0 2016-05-04 15:55:31.159
!MESSAGE Warning: The environment variable HOME is not set. The following directory will be used to store the Git
user global configuration and to define the default location to store repositories: 'C:\Users\Adam'. If this is
not correct please set the HOME environment variable and restart Eclipse. Otherwise Git for Windows and
EGit might behave differently since they see different configuration options.
This warning can be switched off on the Team > Git > Confirmations and Warnings preference page.

!ENTRY org.eclipse.recommenders.models.rcp 1 9 2016-05-04 16:24:08.192
!MESSAGE The model index service was accessed either before it started or after it finished running.
!STACK 0
org.eclipse.recommenders.utils.Logs$LogTraceException
	at org.eclipse.recommenders.utils.Logs$LogTraceException.newTrace(Logs.java:381)
	at org.eclipse.recommenders.utils.Logs.log(Logs.java:134)
	at org.eclipse.recommenders.utils.Logs.log(Logs.java:126)
	at org.eclipse.recommenders.internal.models.rcp.EclipseModelIndex.suggest(EclipseModelIndex.java:212)
	at org.eclipse.recommenders.models.SimpleModelProvider.acquireModel(SimpleModelProvider.java:70)
	at org.eclipse.recommenders.models.PoolingModelProvider.access$0(PoolingModelProvider.java:1)
	at org.eclipse.recommenders.models.PoolingModelProvider$ModelPoolFactoryMediator.makeObject(PoolingModelProvider.java:96)
	at org.eclipse.recommenders.models.PoolingModelProvider$ModelPoolFactoryMediator.makeObject(PoolingModelProvider.java:1)
	at org.apache.commons.pool.impl.GenericKeyedObjectPool.borrowObject(GenericKeyedObjectPool.java:1220)
	at org.eclipse.recommenders.models.PoolingModelProvider.acquireModel(PoolingModelProvider.java:67)
	at org.eclipse.recommenders.internal.calls.rcp.RcpCallModelProvider.acquireModel(RcpCallModelProvider.java:65)
	at org.eclipse.recommenders.internal.calls.rcp.RcpCallModelProvider.acquireModel(RcpCallModelProvider.java:1)
	at org.eclipse.recommenders.internal.calls.rcp.CallCompletionSessionProcessor.findReceiverTypeAndModel(CallCompletionSessionProcessor.java:135)
	at org.eclipse.recommenders.internal.calls.rcp.CallCompletionSessionProcessor.startSession(CallCompletionSessionProcessor.java:107)
	at org.eclipse.recommenders.completion.rcp.processable.IntelligentCompletionProposalComputer.fireStartSession(IntelligentCompletionProposalComputer.java:304)
	at org.eclipse.recommenders.completion.rcp.processable.IntelligentCompletionProposalComputer.computeCompletionProposals(IntelligentCompletionProposalComputer.java:170)
	at org.eclipse.jdt.internal.ui.text.java.CompletionProposalComputerDescriptor.computeCompletionProposals(CompletionProposalComputerDescriptor.java:333)
	at org.eclipse.jdt.internal.ui.text.java.CompletionProposalCategory.computeCompletionProposals(CompletionProposalCategory.java:337)
	at org.eclipse.jdt.internal.ui.text.java.ContentAssistProcessor.collectProposals(ContentAssistProcessor.java:322)
	at org.eclipse.jdt.internal.ui.text.java.ContentAssistProcessor.computeCompletionProposals(ContentAssistProcessor.java:279)
	at org.eclipse.jface.text.contentassist.ContentAssistant$5.run(ContentAssistant.java:1904)
	at org.eclipse.core.runtime.SafeRunner.run(SafeRunner.java:42)
	at org.eclipse.jface.text.contentassist.ContentAssistant.computeCompletionProposals(ContentAssistant.java:1902)
	at org.eclipse.jface.text.contentassist.CompletionProposalPopup.computeProposals(CompletionProposalPopup.java:573)
	at org.eclipse.jface.text.contentassist.CompletionProposalPopup.access$16(CompletionProposalPopup.java:570)
	at org.eclipse.jface.text.contentassist.CompletionProposalPopup$2.run(CompletionProposalPopup.java:505)
	at org.eclipse.swt.custom.BusyIndicator.showWhile(BusyIndicator.java:70)
	at org.eclipse.jface.text.contentassist.CompletionProposalPopup.showProposals(CompletionProposalPopup.java:499)
	at org.eclipse.jface.text.contentassist.ContentAssistant$2.run(ContentAssistant.java:384)
	at org.eclipse.swt.widgets.RunnableLock.run(RunnableLock.java:35)
	at org.eclipse.swt.widgets.Synchronizer.runAsyncMessages(Synchronizer.java:135)
	at org.eclipse.swt.widgets.Display.runAsyncMessages(Display.java:4155)
	at org.eclipse.swt.widgets.Display.readAndDispatch(Display.java:3772)
	at org.eclipse.e4.ui.internal.workbench.swt.PartRenderingEngine$4.run(PartRenderingEngine.java:1127)
	at org.eclipse.core.databinding.observable.Realm.runWithDefault(Realm.java:337)
	at org.eclipse.e4.ui.internal.workbench.swt.PartRenderingEngine.run(PartRenderingEngine.java:1018)
	at org.eclipse.e4.ui.internal.workbench.E4Workbench.createAndRunUI(E4Workbench.java:156)
	at org.eclipse.ui.internal.Workbench$5.run(Workbench.java:694)
	at org.eclipse.core.databinding.observable.Realm.runWithDefault(Realm.java:337)
	at org.eclipse.ui.internal.Workbench.createAndRunWorkbench(Workbench.java:606)
	at org.eclipse.ui.PlatformUI.createAndRunWorkbench(PlatformUI.java:150)
	at org.eclipse.ui.internal.ide.application.IDEApplication.start(IDEApplication.java:139)
	at org.eclipse.equinox.internal.app.EclipseAppHandle.run(EclipseAppHandle.java:196)
	at org.eclipse.core.runtime.internal.adaptor.EclipseAppLauncher.runApplication(EclipseAppLauncher.java:134)
	at org.eclipse.core.runtime.internal.adaptor.EclipseAppLauncher.start(EclipseAppLauncher.java:104)
	at org.eclipse.core.runtime.adaptor.EclipseStarter.run(EclipseStarter.java:380)
	at org.eclipse.core.runtime.adaptor.EclipseStarter.run(EclipseStarter.java:235)
	at sun.reflect.NativeMethodAccessorImpl.invoke0(Native Method)
	at sun.reflect.NativeMethodAccessorImpl.invoke(Unknown Source)
	at sun.reflect.DelegatingMethodAccessorImpl.invoke(Unknown Source)
	at java.lang.reflect.Method.invoke(Unknown Source)
	at org.eclipse.equinox.launcher.Main.invokeFramework(Main.java:669)
	at org.eclipse.equinox.launcher.Main.basicRun(Main.java:608)
	at org.eclipse.equinox.launcher.Main.run(Main.java:1515)

!ENTRY org.eclipse.recommenders.models.rcp 1 9 2016-05-04 16:25:22.827
!MESSAGE The model index service was accessed either before it started or after it finished running.
!STACK 0
org.eclipse.recommenders.utils.Logs$LogTraceException
	at org.eclipse.recommenders.utils.Logs$LogTraceException.newTrace(Logs.java:381)
	at org.eclipse.recommenders.utils.Logs.log(Logs.java:134)
	at org.eclipse.recommenders.utils.Logs.log(Logs.java:126)
	at org.eclipse.recommenders.internal.models.rcp.EclipseModelIndex.suggest(EclipseModelIndex.java:212)
	at org.eclipse.recommenders.models.SimpleModelProvider.acquireModel(SimpleModelProvider.java:70)
	at org.eclipse.recommenders.models.PoolingModelProvider.access$0(PoolingModelProvider.java:1)
	at org.eclipse.recommenders.models.PoolingModelProvider$ModelPoolFactoryMediator.makeObject(PoolingModelProvider.java:96)
	at org.eclipse.recommenders.models.PoolingModelProvider$ModelPoolFactoryMediator.makeObject(PoolingModelProvider.java:1)
	at org.apache.commons.pool.impl.GenericKeyedObjectPool.borrowObject(GenericKeyedObjectPool.java:1220)
	at org.eclipse.recommenders.models.PoolingModelProvider.acquireModel(PoolingModelProvider.java:67)
	at org.eclipse.recommenders.internal.calls.rcp.RcpCallModelProvider.acquireModel(RcpCallModelProvider.java:65)
	at org.eclipse.recommenders.internal.calls.rcp.RcpCallModelProvider.acquireModel(RcpCallModelProvider.java:1)
	at org.eclipse.recommenders.internal.calls.rcp.CallCompletionSessionProcessor.findReceiverTypeAndModel(CallCompletionSessionProcessor.java:135)
	at org.eclipse.recommenders.internal.calls.rcp.CallCompletionSessionProcessor.startSession(CallCompletionSessionProcessor.java:107)
	at org.eclipse.recommenders.completion.rcp.processable.IntelligentCompletionProposalComputer.fireStartSession(IntelligentCompletionProposalComputer.java:304)
	at org.eclipse.recommenders.completion.rcp.processable.IntelligentCompletionProposalComputer.computeCompletionProposals(IntelligentCompletionProposalComputer.java:170)
	at org.eclipse.jdt.internal.ui.text.java.CompletionProposalComputerDescriptor.computeCompletionProposals(CompletionProposalComputerDescriptor.java:333)
	at org.eclipse.jdt.internal.ui.text.java.CompletionProposalCategory.computeCompletionProposals(CompletionProposalCategory.java:337)
	at org.eclipse.jdt.internal.ui.text.java.ContentAssistProcessor.collectProposals(ContentAssistProcessor.java:322)
	at org.eclipse.jdt.internal.ui.text.java.ContentAssistProcessor.computeCompletionProposals(ContentAssistProcessor.java:279)
	at org.eclipse.jface.text.contentassist.ContentAssistant$5.run(ContentAssistant.java:1904)
	at org.eclipse.core.runtime.SafeRunner.run(SafeRunner.java:42)
	at org.eclipse.jface.text.contentassist.ContentAssistant.computeCompletionProposals(ContentAssistant.java:1902)
	at org.eclipse.jface.text.contentassist.CompletionProposalPopup.computeProposals(CompletionProposalPopup.java:573)
	at org.eclipse.jface.text.contentassist.CompletionProposalPopup.access$16(CompletionProposalPopup.java:570)
	at org.eclipse.jface.text.contentassist.CompletionProposalPopup$2.run(CompletionProposalPopup.java:505)
	at org.eclipse.swt.custom.BusyIndicator.showWhile(BusyIndicator.java:70)
	at org.eclipse.jface.text.contentassist.CompletionProposalPopup.showProposals(CompletionProposalPopup.java:499)
	at org.eclipse.jface.text.contentassist.ContentAssistant$2.run(ContentAssistant.java:384)
	at org.eclipse.swt.widgets.RunnableLock.run(RunnableLock.java:35)
	at org.eclipse.swt.widgets.Synchronizer.runAsyncMessages(Synchronizer.java:135)
	at org.eclipse.swt.widgets.Display.runAsyncMessages(Display.java:4155)
	at org.eclipse.swt.widgets.Display.readAndDispatch(Display.java:3772)
	at org.eclipse.e4.ui.internal.workbench.swt.PartRenderingEngine$4.run(PartRenderingEngine.java:1127)
	at org.eclipse.core.databinding.observable.Realm.runWithDefault(Realm.java:337)
	at org.eclipse.e4.ui.internal.workbench.swt.PartRenderingEngine.run(PartRenderingEngine.java:1018)
	at org.eclipse.e4.ui.internal.workbench.E4Workbench.createAndRunUI(E4Workbench.java:156)
	at org.eclipse.ui.internal.Workbench$5.run(Workbench.java:694)
	at org.eclipse.core.databinding.observable.Realm.runWithDefault(Realm.java:337)
	at org.eclipse.ui.internal.Workbench.createAndRunWorkbench(Workbench.java:606)
	at org.eclipse.ui.PlatformUI.createAndRunWorkbench(PlatformUI.java:150)
	at org.eclipse.ui.internal.ide.application.IDEApplication.start(IDEApplication.java:139)
	at org.eclipse.equinox.internal.app.EclipseAppHandle.run(EclipseAppHandle.java:196)
	at org.eclipse.core.runtime.internal.adaptor.EclipseAppLauncher.runApplication(EclipseAppLauncher.java:134)
	at org.eclipse.core.runtime.internal.adaptor.EclipseAppLauncher.start(EclipseAppLauncher.java:104)
	at org.eclipse.core.runtime.adaptor.EclipseStarter.run(EclipseStarter.java:380)
	at org.eclipse.core.runtime.adaptor.EclipseStarter.run(EclipseStarter.java:235)
	at sun.reflect.NativeMethodAccessorImpl.invoke0(Native Method)
	at sun.reflect.NativeMethodAccessorImpl.invoke(Unknown Source)
	at sun.reflect.DelegatingMethodAccessorImpl.invoke(Unknown Source)
	at java.lang.reflect.Method.invoke(Unknown Source)
	at org.eclipse.equinox.launcher.Main.invokeFramework(Main.java:669)
	at org.eclipse.equinox.launcher.Main.basicRun(Main.java:608)
	at org.eclipse.equinox.launcher.Main.run(Main.java:1515)

!ENTRY org.eclipse.recommenders.models.rcp 1 9 2016-05-04 16:34:35.006
!MESSAGE The model index service was accessed either before it started or after it finished running.
!STACK 0
org.eclipse.recommenders.utils.Logs$LogTraceException
	at org.eclipse.recommenders.utils.Logs$LogTraceException.newTrace(Logs.java:381)
	at org.eclipse.recommenders.utils.Logs.log(Logs.java:134)
	at org.eclipse.recommenders.utils.Logs.log(Logs.java:126)
	at org.eclipse.recommenders.internal.models.rcp.EclipseModelIndex.suggest(EclipseModelIndex.java:212)
	at org.eclipse.recommenders.models.SimpleModelProvider.acquireModel(SimpleModelProvider.java:70)
	at org.eclipse.recommenders.models.PoolingModelProvider.access$0(PoolingModelProvider.java:1)
	at org.eclipse.recommenders.models.PoolingModelProvider$ModelPoolFactoryMediator.makeObject(PoolingModelProvider.java:96)
	at org.eclipse.recommenders.models.PoolingModelProvider$ModelPoolFactoryMediator.makeObject(PoolingModelProvider.java:1)
	at org.apache.commons.pool.impl.GenericKeyedObjectPool.borrowObject(GenericKeyedObjectPool.java:1220)
	at org.eclipse.recommenders.models.PoolingModelProvider.acquireModel(PoolingModelProvider.java:67)
	at org.eclipse.recommenders.internal.calls.rcp.RcpCallModelProvider.acquireModel(RcpCallModelProvider.java:65)
	at org.eclipse.recommenders.internal.calls.rcp.RcpCallModelProvider.acquireModel(RcpCallModelProvider.java:1)
	at org.eclipse.recommenders.internal.calls.rcp.CallCompletionSessionProcessor.findReceiverTypeAndModel(CallCompletionSessionProcessor.java:135)
	at org.eclipse.recommenders.internal.calls.rcp.CallCompletionSessionProcessor.startSession(CallCompletionSessionProcessor.java:107)
	at org.eclipse.recommenders.completion.rcp.processable.IntelligentCompletionProposalComputer.fireStartSession(IntelligentCompletionProposalComputer.java:304)
	at org.eclipse.recommenders.completion.rcp.processable.IntelligentCompletionProposalComputer.computeCompletionProposals(IntelligentCompletionProposalComputer.java:170)
	at org.eclipse.jdt.internal.ui.text.java.CompletionProposalComputerDescriptor.computeCompletionProposals(CompletionProposalComputerDescriptor.java:333)
	at org.eclipse.jdt.internal.ui.text.java.CompletionProposalCategory.computeCompletionProposals(CompletionProposalCategory.java:337)
	at org.eclipse.jdt.internal.ui.text.java.ContentAssistProcessor.collectProposals(ContentAssistProcessor.java:322)
	at org.eclipse.jdt.internal.ui.text.java.ContentAssistProcessor.computeCompletionProposals(ContentAssistProcessor.java:279)
	at org.eclipse.jface.text.contentassist.ContentAssistant$5.run(ContentAssistant.java:1904)
	at org.eclipse.core.runtime.SafeRunner.run(SafeRunner.java:42)
	at org.eclipse.jface.text.contentassist.ContentAssistant.computeCompletionProposals(ContentAssistant.java:1902)
	at org.eclipse.jface.text.contentassist.CompletionProposalPopup.computeProposals(CompletionProposalPopup.java:573)
	at org.eclipse.jface.text.contentassist.CompletionProposalPopup.access$16(CompletionProposalPopup.java:570)
	at org.eclipse.jface.text.contentassist.CompletionProposalPopup$2.run(CompletionProposalPopup.java:505)
	at org.eclipse.swt.custom.BusyIndicator.showWhile(BusyIndicator.java:70)
	at org.eclipse.jface.text.contentassist.CompletionProposalPopup.showProposals(CompletionProposalPopup.java:499)
	at org.eclipse.jface.text.contentassist.ContentAssistant$2.run(ContentAssistant.java:384)
	at org.eclipse.swt.widgets.RunnableLock.run(RunnableLock.java:35)
	at org.eclipse.swt.widgets.Synchronizer.runAsyncMessages(Synchronizer.java:135)
	at org.eclipse.swt.widgets.Display.runAsyncMessages(Display.java:4155)
	at org.eclipse.swt.widgets.Display.readAndDispatch(Display.java:3772)
	at org.eclipse.e4.ui.internal.workbench.swt.PartRenderingEngine$4.run(PartRenderingEngine.java:1127)
	at org.eclipse.core.databinding.observable.Realm.runWithDefault(Realm.java:337)
	at org.eclipse.e4.ui.internal.workbench.swt.PartRenderingEngine.run(PartRenderingEngine.java:1018)
	at org.eclipse.e4.ui.internal.workbench.E4Workbench.createAndRunUI(E4Workbench.java:156)
	at org.eclipse.ui.internal.Workbench$5.run(Workbench.java:694)
	at org.eclipse.core.databinding.observable.Realm.runWithDefault(Realm.java:337)
	at org.eclipse.ui.internal.Workbench.createAndRunWorkbench(Workbench.java:606)
	at org.eclipse.ui.PlatformUI.createAndRunWorkbench(PlatformUI.java:150)
	at org.eclipse.ui.internal.ide.application.IDEApplication.start(IDEApplication.java:139)
	at org.eclipse.equinox.internal.app.EclipseAppHandle.run(EclipseAppHandle.java:196)
	at org.eclipse.core.runtime.internal.adaptor.EclipseAppLauncher.runApplication(EclipseAppLauncher.java:134)
	at org.eclipse.core.runtime.internal.adaptor.EclipseAppLauncher.start(EclipseAppLauncher.java:104)
	at org.eclipse.core.runtime.adaptor.EclipseStarter.run(EclipseStarter.java:380)
	at org.eclipse.core.runtime.adaptor.EclipseStarter.run(EclipseStarter.java:235)
	at sun.reflect.NativeMethodAccessorImpl.invoke0(Native Method)
	at sun.reflect.NativeMethodAccessorImpl.invoke(Unknown Source)
	at sun.reflect.DelegatingMethodAccessorImpl.invoke(Unknown Source)
	at java.lang.reflect.Method.invoke(Unknown Source)
	at org.eclipse.equinox.launcher.Main.invokeFramework(Main.java:669)
	at org.eclipse.equinox.launcher.Main.basicRun(Main.java:608)
	at org.eclipse.equinox.launcher.Main.run(Main.java:1515)

!ENTRY org.eclipse.recommenders.models.rcp 1 9 2016-05-04 16:35:28.519
!MESSAGE The model index service was accessed either before it started or after it finished running.
!STACK 0
org.eclipse.recommenders.utils.Logs$LogTraceException
	at org.eclipse.recommenders.utils.Logs$LogTraceException.newTrace(Logs.java:381)
	at org.eclipse.recommenders.utils.Logs.log(Logs.java:134)
	at org.eclipse.recommenders.utils.Logs.log(Logs.java:126)
	at org.eclipse.recommenders.internal.models.rcp.EclipseModelIndex.suggest(EclipseModelIndex.java:212)
	at org.eclipse.recommenders.models.SimpleModelProvider.acquireModel(SimpleModelProvider.java:70)
	at org.eclipse.recommenders.models.PoolingModelProvider.access$0(PoolingModelProvider.java:1)
	at org.eclipse.recommenders.models.PoolingModelProvider$ModelPoolFactoryMediator.makeObject(PoolingModelProvider.java:96)
	at org.eclipse.recommenders.models.PoolingModelProvider$ModelPoolFactoryMediator.makeObject(PoolingModelProvider.java:1)
	at org.apache.commons.pool.impl.GenericKeyedObjectPool.borrowObject(GenericKeyedObjectPool.java:1220)
	at org.eclipse.recommenders.models.PoolingModelProvider.acquireModel(PoolingModelProvider.java:67)
	at org.eclipse.recommenders.internal.calls.rcp.RcpCallModelProvider.acquireModel(RcpCallModelProvider.java:65)
	at org.eclipse.recommenders.internal.calls.rcp.RcpCallModelProvider.acquireModel(RcpCallModelProvider.java:1)
	at org.eclipse.recommenders.internal.calls.rcp.CallCompletionSessionProcessor.findReceiverTypeAndModel(CallCompletionSessionProcessor.java:135)
	at org.eclipse.recommenders.internal.calls.rcp.CallCompletionSessionProcessor.startSession(CallCompletionSessionProcessor.java:107)
	at org.eclipse.recommenders.completion.rcp.processable.IntelligentCompletionProposalComputer.fireStartSession(IntelligentCompletionProposalComputer.java:304)
	at org.eclipse.recommenders.completion.rcp.processable.IntelligentCompletionProposalComputer.computeCompletionProposals(IntelligentCompletionProposalComputer.java:170)
	at org.eclipse.jdt.internal.ui.text.java.CompletionProposalComputerDescriptor.computeCompletionProposals(CompletionProposalComputerDescriptor.java:333)
	at org.eclipse.jdt.internal.ui.text.java.CompletionProposalCategory.computeCompletionProposals(CompletionProposalCategory.java:337)
	at org.eclipse.jdt.internal.ui.text.java.ContentAssistProcessor.collectProposals(ContentAssistProcessor.java:322)
	at org.eclipse.jdt.internal.ui.text.java.ContentAssistProcessor.computeCompletionProposals(ContentAssistProcessor.java:279)
	at org.eclipse.jface.text.contentassist.ContentAssistant$5.run(ContentAssistant.java:1904)
	at org.eclipse.core.runtime.SafeRunner.run(SafeRunner.java:42)
	at org.eclipse.jface.text.contentassist.ContentAssistant.computeCompletionProposals(ContentAssistant.java:1902)
	at org.eclipse.jface.text.contentassist.CompletionProposalPopup.computeProposals(CompletionProposalPopup.java:573)
	at org.eclipse.jface.text.contentassist.CompletionProposalPopup.access$16(CompletionProposalPopup.java:570)
	at org.eclipse.jface.text.contentassist.CompletionProposalPopup$2.run(CompletionProposalPopup.java:505)
	at org.eclipse.swt.custom.BusyIndicator.showWhile(BusyIndicator.java:70)
	at org.eclipse.jface.text.contentassist.CompletionProposalPopup.showProposals(CompletionProposalPopup.java:499)
	at org.eclipse.jface.text.contentassist.ContentAssistant$2.run(ContentAssistant.java:384)
	at org.eclipse.swt.widgets.RunnableLock.run(RunnableLock.java:35)
	at org.eclipse.swt.widgets.Synchronizer.runAsyncMessages(Synchronizer.java:135)
	at org.eclipse.swt.widgets.Display.runAsyncMessages(Display.java:4155)
	at org.eclipse.swt.widgets.Display.readAndDispatch(Display.java:3772)
	at org.eclipse.e4.ui.internal.workbench.swt.PartRenderingEngine$4.run(PartRenderingEngine.java:1127)
	at org.eclipse.core.databinding.observable.Realm.runWithDefault(Realm.java:337)
	at org.eclipse.e4.ui.internal.workbench.swt.PartRenderingEngine.run(PartRenderingEngine.java:1018)
	at org.eclipse.e4.ui.internal.workbench.E4Workbench.createAndRunUI(E4Workbench.java:156)
	at org.eclipse.ui.internal.Workbench$5.run(Workbench.java:694)
	at org.eclipse.core.databinding.observable.Realm.runWithDefault(Realm.java:337)
	at org.eclipse.ui.internal.Workbench.createAndRunWorkbench(Workbench.java:606)
	at org.eclipse.ui.PlatformUI.createAndRunWorkbench(PlatformUI.java:150)
	at org.eclipse.ui.internal.ide.application.IDEApplication.start(IDEApplication.java:139)
	at org.eclipse.equinox.internal.app.EclipseAppHandle.run(EclipseAppHandle.java:196)
	at org.eclipse.core.runtime.internal.adaptor.EclipseAppLauncher.runApplication(EclipseAppLauncher.java:134)
	at org.eclipse.core.runtime.internal.adaptor.EclipseAppLauncher.start(EclipseAppLauncher.java:104)
	at org.eclipse.core.runtime.adaptor.EclipseStarter.run(EclipseStarter.java:380)
	at org.eclipse.core.runtime.adaptor.EclipseStarter.run(EclipseStarter.java:235)
	at sun.reflect.NativeMethodAccessorImpl.invoke0(Native Method)
	at sun.reflect.NativeMethodAccessorImpl.invoke(Unknown Source)
	at sun.reflect.DelegatingMethodAccessorImpl.invoke(Unknown Source)
	at java.lang.reflect.Method.invoke(Unknown Source)
	at org.eclipse.equinox.launcher.Main.invokeFramework(Main.java:669)
	at org.eclipse.equinox.launcher.Main.basicRun(Main.java:608)
	at org.eclipse.equinox.launcher.Main.run(Main.java:1515)

!ENTRY org.eclipse.recommenders.models.rcp 1 9 2016-05-04 16:39:05.568
!MESSAGE The model index service was accessed either before it started or after it finished running.
!STACK 0
org.eclipse.recommenders.utils.Logs$LogTraceException
	at org.eclipse.recommenders.utils.Logs$LogTraceException.newTrace(Logs.java:381)
	at org.eclipse.recommenders.utils.Logs.log(Logs.java:134)
	at org.eclipse.recommenders.utils.Logs.log(Logs.java:126)
	at org.eclipse.recommenders.internal.models.rcp.EclipseModelIndex.suggest(EclipseModelIndex.java:212)
	at org.eclipse.recommenders.models.SimpleModelProvider.acquireModel(SimpleModelProvider.java:70)
	at org.eclipse.recommenders.models.PoolingModelProvider.access$0(PoolingModelProvider.java:1)
	at org.eclipse.recommenders.models.PoolingModelProvider$ModelPoolFactoryMediator.makeObject(PoolingModelProvider.java:96)
	at org.eclipse.recommenders.models.PoolingModelProvider$ModelPoolFactoryMediator.makeObject(PoolingModelProvider.java:1)
	at org.apache.commons.pool.impl.GenericKeyedObjectPool.borrowObject(GenericKeyedObjectPool.java:1220)
	at org.eclipse.recommenders.models.PoolingModelProvider.acquireModel(PoolingModelProvider.java:67)
	at org.eclipse.recommenders.internal.calls.rcp.RcpCallModelProvider.acquireModel(RcpCallModelProvider.java:65)
	at org.eclipse.recommenders.internal.calls.rcp.RcpCallModelProvider.acquireModel(RcpCallModelProvider.java:1)
	at org.eclipse.recommenders.internal.calls.rcp.CallCompletionSessionProcessor.findReceiverTypeAndModel(CallCompletionSessionProcessor.java:135)
	at org.eclipse.recommenders.internal.calls.rcp.CallCompletionSessionProcessor.startSession(CallCompletionSessionProcessor.java:107)
	at org.eclipse.recommenders.completion.rcp.processable.IntelligentCompletionProposalComputer.fireStartSession(IntelligentCompletionProposalComputer.java:304)
	at org.eclipse.recommenders.completion.rcp.processable.IntelligentCompletionProposalComputer.computeCompletionProposals(IntelligentCompletionProposalComputer.java:170)
	at org.eclipse.jdt.internal.ui.text.java.CompletionProposalComputerDescriptor.computeCompletionProposals(CompletionProposalComputerDescriptor.java:333)
	at org.eclipse.jdt.internal.ui.text.java.CompletionProposalCategory.computeCompletionProposals(CompletionProposalCategory.java:337)
	at org.eclipse.jdt.internal.ui.text.java.ContentAssistProcessor.collectProposals(ContentAssistProcessor.java:322)
	at org.eclipse.jdt.internal.ui.text.java.ContentAssistProcessor.computeCompletionProposals(ContentAssistProcessor.java:279)
	at org.eclipse.jface.text.contentassist.ContentAssistant$5.run(ContentAssistant.java:1904)
	at org.eclipse.core.runtime.SafeRunner.run(SafeRunner.java:42)
	at org.eclipse.jface.text.contentassist.ContentAssistant.computeCompletionProposals(ContentAssistant.java:1902)
	at org.eclipse.jface.text.contentassist.CompletionProposalPopup.computeProposals(CompletionProposalPopup.java:573)
	at org.eclipse.jface.text.contentassist.CompletionProposalPopup.access$16(CompletionProposalPopup.java:570)
	at org.eclipse.jface.text.contentassist.CompletionProposalPopup$2.run(CompletionProposalPopup.java:505)
	at org.eclipse.swt.custom.BusyIndicator.showWhile(BusyIndicator.java:70)
	at org.eclipse.jface.text.contentassist.CompletionProposalPopup.showProposals(CompletionProposalPopup.java:499)
	at org.eclipse.jface.text.contentassist.ContentAssistant$2.run(ContentAssistant.java:384)
	at org.eclipse.swt.widgets.RunnableLock.run(RunnableLock.java:35)
	at org.eclipse.swt.widgets.Synchronizer.runAsyncMessages(Synchronizer.java:135)
	at org.eclipse.swt.widgets.Display.runAsyncMessages(Display.java:4155)
	at org.eclipse.swt.widgets.Display.readAndDispatch(Display.java:3772)
	at org.eclipse.e4.ui.internal.workbench.swt.PartRenderingEngine$4.run(PartRenderingEngine.java:1127)
	at org.eclipse.core.databinding.observable.Realm.runWithDefault(Realm.java:337)
	at org.eclipse.e4.ui.internal.workbench.swt.PartRenderingEngine.run(PartRenderingEngine.java:1018)
	at org.eclipse.e4.ui.internal.workbench.E4Workbench.createAndRunUI(E4Workbench.java:156)
	at org.eclipse.ui.internal.Workbench$5.run(Workbench.java:694)
	at org.eclipse.core.databinding.observable.Realm.runWithDefault(Realm.java:337)
	at org.eclipse.ui.internal.Workbench.createAndRunWorkbench(Workbench.java:606)
	at org.eclipse.ui.PlatformUI.createAndRunWorkbench(PlatformUI.java:150)
	at org.eclipse.ui.internal.ide.application.IDEApplication.start(IDEApplication.java:139)
	at org.eclipse.equinox.internal.app.EclipseAppHandle.run(EclipseAppHandle.java:196)
	at org.eclipse.core.runtime.internal.adaptor.EclipseAppLauncher.runApplication(EclipseAppLauncher.java:134)
	at org.eclipse.core.runtime.internal.adaptor.EclipseAppLauncher.start(EclipseAppLauncher.java:104)
	at org.eclipse.core.runtime.adaptor.EclipseStarter.run(EclipseStarter.java:380)
	at org.eclipse.core.runtime.adaptor.EclipseStarter.run(EclipseStarter.java:235)
	at sun.reflect.NativeMethodAccessorImpl.invoke0(Native Method)
	at sun.reflect.NativeMethodAccessorImpl.invoke(Unknown Source)
	at sun.reflect.DelegatingMethodAccessorImpl.invoke(Unknown Source)
	at java.lang.reflect.Method.invoke(Unknown Source)
	at org.eclipse.equinox.launcher.Main.invokeFramework(Main.java:669)
	at org.eclipse.equinox.launcher.Main.basicRun(Main.java:608)
	at org.eclipse.equinox.launcher.Main.run(Main.java:1515)

!ENTRY org.eclipse.recommenders.models.rcp 1 9 2016-05-04 16:39:13.766
!MESSAGE The model index service was accessed either before it started or after it finished running.
!STACK 0
org.eclipse.recommenders.utils.Logs$LogTraceException
	at org.eclipse.recommenders.utils.Logs$LogTraceException.newTrace(Logs.java:381)
	at org.eclipse.recommenders.utils.Logs.log(Logs.java:134)
	at org.eclipse.recommenders.utils.Logs.log(Logs.java:126)
	at org.eclipse.recommenders.internal.models.rcp.EclipseModelIndex.suggest(EclipseModelIndex.java:212)
	at org.eclipse.recommenders.models.SimpleModelProvider.acquireModel(SimpleModelProvider.java:70)
	at org.eclipse.recommenders.models.PoolingModelProvider.access$0(PoolingModelProvider.java:1)
	at org.eclipse.recommenders.models.PoolingModelProvider$ModelPoolFactoryMediator.makeObject(PoolingModelProvider.java:96)
	at org.eclipse.recommenders.models.PoolingModelProvider$ModelPoolFactoryMediator.makeObject(PoolingModelProvider.java:1)
	at org.apache.commons.pool.impl.GenericKeyedObjectPool.borrowObject(GenericKeyedObjectPool.java:1220)
	at org.eclipse.recommenders.models.PoolingModelProvider.acquireModel(PoolingModelProvider.java:67)
	at org.eclipse.recommenders.internal.calls.rcp.RcpCallModelProvider.acquireModel(RcpCallModelProvider.java:65)
	at org.eclipse.recommenders.internal.calls.rcp.RcpCallModelProvider.acquireModel(RcpCallModelProvider.java:1)
	at org.eclipse.recommenders.internal.calls.rcp.CallCompletionSessionProcessor.findReceiverTypeAndModel(CallCompletionSessionProcessor.java:135)
	at org.eclipse.recommenders.internal.calls.rcp.CallCompletionSessionProcessor.startSession(CallCompletionSessionProcessor.java:107)
	at org.eclipse.recommenders.completion.rcp.processable.IntelligentCompletionProposalComputer.fireStartSession(IntelligentCompletionProposalComputer.java:304)
	at org.eclipse.recommenders.completion.rcp.processable.IntelligentCompletionProposalComputer.computeCompletionProposals(IntelligentCompletionProposalComputer.java:170)
	at org.eclipse.jdt.internal.ui.text.java.CompletionProposalComputerDescriptor.computeCompletionProposals(CompletionProposalComputerDescriptor.java:333)
	at org.eclipse.jdt.internal.ui.text.java.CompletionProposalCategory.computeCompletionProposals(CompletionProposalCategory.java:337)
	at org.eclipse.jdt.internal.ui.text.java.ContentAssistProcessor.collectProposals(ContentAssistProcessor.java:322)
	at org.eclipse.jdt.internal.ui.text.java.ContentAssistProcessor.computeCompletionProposals(ContentAssistProcessor.java:279)
	at org.eclipse.jface.text.contentassist.ContentAssistant$5.run(ContentAssistant.java:1904)
	at org.eclipse.core.runtime.SafeRunner.run(SafeRunner.java:42)
	at org.eclipse.jface.text.contentassist.ContentAssistant.computeCompletionProposals(ContentAssistant.java:1902)
	at org.eclipse.jface.text.contentassist.CompletionProposalPopup.computeProposals(CompletionProposalPopup.java:573)
	at org.eclipse.jface.text.contentassist.CompletionProposalPopup.access$16(CompletionProposalPopup.java:570)
	at org.eclipse.jface.text.contentassist.CompletionProposalPopup$2.run(CompletionProposalPopup.java:505)
	at org.eclipse.swt.custom.BusyIndicator.showWhile(BusyIndicator.java:70)
	at org.eclipse.jface.text.contentassist.CompletionProposalPopup.showProposals(CompletionProposalPopup.java:499)
	at org.eclipse.jface.text.contentassist.ContentAssistant$2.run(ContentAssistant.java:384)
	at org.eclipse.swt.widgets.RunnableLock.run(RunnableLock.java:35)
	at org.eclipse.swt.widgets.Synchronizer.runAsyncMessages(Synchronizer.java:135)
	at org.eclipse.swt.widgets.Display.runAsyncMessages(Display.java:4155)
	at org.eclipse.swt.widgets.Display.readAndDispatch(Display.java:3772)
	at org.eclipse.e4.ui.internal.workbench.swt.PartRenderingEngine$4.run(PartRenderingEngine.java:1127)
	at org.eclipse.core.databinding.observable.Realm.runWithDefault(Realm.java:337)
	at org.eclipse.e4.ui.internal.workbench.swt.PartRenderingEngine.run(PartRenderingEngine.java:1018)
	at org.eclipse.e4.ui.internal.workbench.E4Workbench.createAndRunUI(E4Workbench.java:156)
	at org.eclipse.ui.internal.Workbench$5.run(Workbench.java:694)
	at org.eclipse.core.databinding.observable.Realm.runWithDefault(Realm.java:337)
	at org.eclipse.ui.internal.Workbench.createAndRunWorkbench(Workbench.java:606)
	at org.eclipse.ui.PlatformUI.createAndRunWorkbench(PlatformUI.java:150)
	at org.eclipse.ui.internal.ide.application.IDEApplication.start(IDEApplication.java:139)
	at org.eclipse.equinox.internal.app.EclipseAppHandle.run(EclipseAppHandle.java:196)
	at org.eclipse.core.runtime.internal.adaptor.EclipseAppLauncher.runApplication(EclipseAppLauncher.java:134)
	at org.eclipse.core.runtime.internal.adaptor.EclipseAppLauncher.start(EclipseAppLauncher.java:104)
	at org.eclipse.core.runtime.adaptor.EclipseStarter.run(EclipseStarter.java:380)
	at org.eclipse.core.runtime.adaptor.EclipseStarter.run(EclipseStarter.java:235)
	at sun.reflect.NativeMethodAccessorImpl.invoke0(Native Method)
	at sun.reflect.NativeMethodAccessorImpl.invoke(Unknown Source)
	at sun.reflect.DelegatingMethodAccessorImpl.invoke(Unknown Source)
	at java.lang.reflect.Method.invoke(Unknown Source)
	at org.eclipse.equinox.launcher.Main.invokeFramework(Main.java:669)
	at org.eclipse.equinox.launcher.Main.basicRun(Main.java:608)
	at org.eclipse.equinox.launcher.Main.run(Main.java:1515)

!ENTRY org.eclipse.recommenders.rcp 4 4 2016-05-04 16:56:10.934
!MESSAGE Exception occurred in IRcpService hook public void org.eclipse.recommenders.internal.models.rcp.EclipseModelIndex.close() throws java.io.IOException.
!STACK 0
java.lang.reflect.InvocationTargetException
	at sun.reflect.NativeMethodAccessorImpl.invoke0(Native Method)
	at sun.reflect.NativeMethodAccessorImpl.invoke(Unknown Source)
	at sun.reflect.DelegatingMethodAccessorImpl.invoke(Unknown Source)
	at java.lang.reflect.Method.invoke(Unknown Source)
	at org.eclipse.recommenders.internal.rcp.RcpModule$Listener$1.executeMethod(RcpModule.java:293)
	at org.eclipse.recommenders.internal.rcp.RcpModule$Listener$1.access$0(RcpModule.java:290)
	at org.eclipse.recommenders.internal.rcp.RcpModule$Listener$1$1.postShutdown(RcpModule.java:309)
	at org.eclipse.ui.internal.Workbench$8.run(Workbench.java:1011)
	at org.eclipse.core.runtime.SafeRunner.run(SafeRunner.java:42)
	at org.eclipse.ui.internal.JFaceUtil$1.run(JFaceUtil.java:50)
	at org.eclipse.jface.util.SafeRunnable.run(SafeRunnable.java:173)
	at org.eclipse.ui.internal.Workbench.firePostShutdown(Workbench.java:1008)
	at org.eclipse.ui.internal.Workbench.shutdown(Workbench.java:3192)
	at org.eclipse.ui.internal.Workbench.busyClose(Workbench.java:1201)
	at org.eclipse.ui.internal.Workbench.access$22(Workbench.java:1113)
	at org.eclipse.ui.internal.Workbench$19.run(Workbench.java:1454)
	at org.eclipse.swt.custom.BusyIndicator.showWhile(BusyIndicator.java:70)
	at org.eclipse.ui.internal.Workbench.close(Workbench.java:1451)
	at org.eclipse.ui.internal.Workbench.close(Workbench.java:1424)
	at org.eclipse.ui.internal.WorkbenchWindow.busyClose(WorkbenchWindow.java:1596)
	at org.eclipse.ui.internal.WorkbenchWindow.access$16(WorkbenchWindow.java:1542)
	at org.eclipse.ui.internal.WorkbenchWindow$11.run(WorkbenchWindow.java:1628)
	at org.eclipse.swt.custom.BusyIndicator.showWhile(BusyIndicator.java:70)
	at org.eclipse.ui.internal.WorkbenchWindow.close(WorkbenchWindow.java:1625)
	at org.eclipse.ui.internal.WorkbenchWindow.close(WorkbenchWindow.java:1639)
	at org.eclipse.ui.internal.WorkbenchWindow$6.close(WorkbenchWindow.java:527)
	at org.eclipse.e4.ui.workbench.renderers.swt.WBWRenderer$7.shellClosed(WBWRenderer.java:518)
	at org.eclipse.swt.widgets.TypedListener.handleEvent(TypedListener.java:98)
	at org.eclipse.swt.widgets.EventTable.sendEvent(EventTable.java:84)
	at org.eclipse.swt.widgets.Display.sendEvent(Display.java:4362)
	at org.eclipse.swt.widgets.Widget.sendEvent(Widget.java:1113)
	at org.eclipse.swt.widgets.Widget.sendEvent(Widget.java:1137)
	at org.eclipse.swt.widgets.Widget.sendEvent(Widget.java:1122)
	at org.eclipse.swt.widgets.Decorations.closeWidget(Decorations.java:308)
	at org.eclipse.swt.widgets.Decorations.WM_CLOSE(Decorations.java:1703)
	at org.eclipse.swt.widgets.Control.windowProc(Control.java:4678)
	at org.eclipse.swt.widgets.Canvas.windowProc(Canvas.java:339)
	at org.eclipse.swt.widgets.Decorations.windowProc(Decorations.java:1633)
	at org.eclipse.swt.widgets.Shell.windowProc(Shell.java:2117)
	at org.eclipse.swt.widgets.Display.windowProc(Display.java:5050)
	at org.eclipse.swt.internal.win32.OS.DefWindowProcW(Native Method)
	at org.eclipse.swt.internal.win32.OS.DefWindowProc(OS.java:2544)
	at org.eclipse.swt.widgets.Shell.callWindowProc(Shell.java:498)
	at org.eclipse.swt.widgets.Control.windowProc(Control.java:4774)
	at org.eclipse.swt.widgets.Canvas.windowProc(Canvas.java:339)
	at org.eclipse.swt.widgets.Decorations.windowProc(Decorations.java:1633)
	at org.eclipse.swt.widgets.Shell.windowProc(Shell.java:2117)
	at org.eclipse.swt.widgets.Display.windowProc(Display.java:5050)
	at org.eclipse.swt.internal.win32.OS.DefWindowProcW(Native Method)
	at org.eclipse.swt.internal.win32.OS.DefWindowProc(OS.java:2544)
	at org.eclipse.swt.widgets.Shell.callWindowProc(Shell.java:498)
	at org.eclipse.swt.widgets.Control.windowProc(Control.java:4774)
	at org.eclipse.swt.widgets.Canvas.windowProc(Canvas.java:339)
	at org.eclipse.swt.widgets.Decorations.windowProc(Decorations.java:1633)
	at org.eclipse.swt.widgets.Shell.windowProc(Shell.java:2117)
	at org.eclipse.swt.widgets.Display.windowProc(Display.java:5050)
	at org.eclipse.swt.internal.win32.OS.DispatchMessageW(Native Method)
	at org.eclipse.swt.internal.win32.OS.DispatchMessage(OS.java:2549)
	at org.eclipse.swt.widgets.Display.readAndDispatch(Display.java:3767)
	at org.eclipse.e4.ui.internal.workbench.swt.PartRenderingEngine$4.run(PartRenderingEngine.java:1127)
	at org.eclipse.core.databinding.observable.Realm.runWithDefault(Realm.java:337)
	at org.eclipse.e4.ui.internal.workbench.swt.PartRenderingEngine.run(PartRenderingEngine.java:1018)
	at org.eclipse.e4.ui.internal.workbench.E4Workbench.createAndRunUI(E4Workbench.java:156)
	at org.eclipse.ui.internal.Workbench$5.run(Workbench.java:694)
	at org.eclipse.core.databinding.observable.Realm.runWithDefault(Realm.java:337)
	at org.eclipse.ui.internal.Workbench.createAndRunWorkbench(Workbench.java:606)
	at org.eclipse.ui.PlatformUI.createAndRunWorkbench(PlatformUI.java:150)
	at org.eclipse.ui.internal.ide.application.IDEApplication.start(IDEApplication.java:139)
	at org.eclipse.equinox.internal.app.EclipseAppHandle.run(EclipseAppHandle.java:196)
	at org.eclipse.core.runtime.internal.adaptor.EclipseAppLauncher.runApplication(EclipseAppLauncher.java:134)
	at org.eclipse.core.runtime.internal.adaptor.EclipseAppLauncher.start(EclipseAppLauncher.java:104)
	at org.eclipse.core.runtime.adaptor.EclipseStarter.run(EclipseStarter.java:380)
	at org.eclipse.core.runtime.adaptor.EclipseStarter.run(EclipseStarter.java:235)
	at sun.reflect.NativeMethodAccessorImpl.invoke0(Native Method)
	at sun.reflect.NativeMethodAccessorImpl.invoke(Unknown Source)
	at sun.reflect.DelegatingMethodAccessorImpl.invoke(Unknown Source)
	at java.lang.reflect.Method.invoke(Unknown Source)
	at org.eclipse.equinox.launcher.Main.invokeFramework(Main.java:669)
	at org.eclipse.equinox.launcher.Main.basicRun(Main.java:608)
	at org.eclipse.equinox.launcher.Main.run(Main.java:1515)
Caused by: java.lang.IllegalStateException: Expected the service to be TERMINATED, but the service has FAILED
	at com.google.common.util.concurrent.AbstractService.checkCurrentState(AbstractService.java:334)
	at com.google.common.util.concurrent.AbstractService.awaitTerminated(AbstractService.java:313)
	at com.google.common.util.concurrent.AbstractIdleService.awaitTerminated(AbstractIdleService.java:198)
	at org.eclipse.recommenders.internal.models.rcp.EclipseModelIndex.close(EclipseModelIndex.java:103)
	... 80 more
Caused by: java.io.FileNotFoundException: C:\Users\Adam\Desktop\Eclipse\.recommenders\index\http___download_eclipse_org_recommenders_models_mars_\_5.prx (The system cannot find the file specified)
	at java.io.RandomAccessFile.open0(Native Method)
	at java.io.RandomAccessFile.open(Unknown Source)
	at java.io.RandomAccessFile.<init>(Unknown Source)
	at org.apache.lucene.store.MMapDirectory.openInput(MMapDirectory.java:214)
	at org.apache.lucene.index.SegmentCoreReaders.<init>(SegmentCoreReaders.java:89)
	at org.apache.lucene.index.SegmentReader.get(SegmentReader.java:115)
	at org.apache.lucene.index.IndexWriter$ReaderPool.get(IndexWriter.java:705)
	at org.apache.lucene.index.IndexWriter$ReaderPool.getReadOnlyClone(IndexWriter.java:663)
	at org.apache.lucene.index.DirectoryReader.<init>(DirectoryReader.java:157)
	at org.apache.lucene.index.ReadOnlyDirectoryReader.<init>(ReadOnlyDirectoryReader.java:38)
	at org.apache.lucene.index.IndexWriter.getReader(IndexWriter.java:453)
	at org.apache.lucene.index.IndexWriter.getReader(IndexWriter.java:401)
	at org.apache.lucene.index.IndexReader.open(IndexReader.java:345)
	at org.eclipse.recommenders.models.ModelIndex.open(ModelIndex.java:125)
	at org.eclipse.recommenders.internal.models.rcp.EclipseModelIndex.openDelegate(EclipseModelIndex.java:165)
	at org.eclipse.recommenders.internal.models.rcp.EclipseModelIndex.startUp(EclipseModelIndex.java:132)
	at com.google.common.util.concurrent.AbstractIdleService$2$1.run(AbstractIdleService.java:54)
	at com.google.common.util.concurrent.Callables$3.run(Callables.java:93)
	at java.lang.Thread.run(Unknown Source)
Root exception:
java.lang.IllegalStateException: Expected the service to be TERMINATED, but the service has FAILED
	at com.google.common.util.concurrent.AbstractService.checkCurrentState(AbstractService.java:334)
	at com.google.common.util.concurrent.AbstractService.awaitTerminated(AbstractService.java:313)
	at com.google.common.util.concurrent.AbstractIdleService.awaitTerminated(AbstractIdleService.java:198)
	at org.eclipse.recommenders.internal.models.rcp.EclipseModelIndex.close(EclipseModelIndex.java:103)
	at sun.reflect.NativeMethodAccessorImpl.invoke0(Native Method)
	at sun.reflect.NativeMethodAccessorImpl.invoke(Unknown Source)
	at sun.reflect.DelegatingMethodAccessorImpl.invoke(Unknown Source)
	at java.lang.reflect.Method.invoke(Unknown Source)
	at org.eclipse.recommenders.internal.rcp.RcpModule$Listener$1.executeMethod(RcpModule.java:293)
	at org.eclipse.recommenders.internal.rcp.RcpModule$Listener$1.access$0(RcpModule.java:290)
	at org.eclipse.recommenders.internal.rcp.RcpModule$Listener$1$1.postShutdown(RcpModule.java:309)
	at org.eclipse.ui.internal.Workbench$8.run(Workbench.java:1011)
	at org.eclipse.core.runtime.SafeRunner.run(SafeRunner.java:42)
	at org.eclipse.ui.internal.JFaceUtil$1.run(JFaceUtil.java:50)
	at org.eclipse.jface.util.SafeRunnable.run(SafeRunnable.java:173)
	at org.eclipse.ui.internal.Workbench.firePostShutdown(Workbench.java:1008)
	at org.eclipse.ui.internal.Workbench.shutdown(Workbench.java:3192)
	at org.eclipse.ui.internal.Workbench.busyClose(Workbench.java:1201)
	at org.eclipse.ui.internal.Workbench.access$22(Workbench.java:1113)
	at org.eclipse.ui.internal.Workbench$19.run(Workbench.java:1454)
	at org.eclipse.swt.custom.BusyIndicator.showWhile(BusyIndicator.java:70)
	at org.eclipse.ui.internal.Workbench.close(Workbench.java:1451)
	at org.eclipse.ui.internal.Workbench.close(Workbench.java:1424)
	at org.eclipse.ui.internal.WorkbenchWindow.busyClose(WorkbenchWindow.java:1596)
	at org.eclipse.ui.internal.WorkbenchWindow.access$16(WorkbenchWindow.java:1542)
	at org.eclipse.ui.internal.WorkbenchWindow$11.run(WorkbenchWindow.java:1628)
	at org.eclipse.swt.custom.BusyIndicator.showWhile(BusyIndicator.java:70)
	at org.eclipse.ui.internal.WorkbenchWindow.close(WorkbenchWindow.java:1625)
	at org.eclipse.ui.internal.WorkbenchWindow.close(WorkbenchWindow.java:1639)
	at org.eclipse.ui.internal.WorkbenchWindow$6.close(WorkbenchWindow.java:527)
	at org.eclipse.e4.ui.workbench.renderers.swt.WBWRenderer$7.shellClosed(WBWRenderer.java:518)
	at org.eclipse.swt.widgets.TypedListener.handleEvent(TypedListener.java:98)
	at org.eclipse.swt.widgets.EventTable.sendEvent(EventTable.java:84)
	at org.eclipse.swt.widgets.Display.sendEvent(Display.java:4362)
	at org.eclipse.swt.widgets.Widget.sendEvent(Widget.java:1113)
	at org.eclipse.swt.widgets.Widget.sendEvent(Widget.java:1137)
	at org.eclipse.swt.widgets.Widget.sendEvent(Widget.java:1122)
	at org.eclipse.swt.widgets.Decorations.closeWidget(Decorations.java:308)
	at org.eclipse.swt.widgets.Decorations.WM_CLOSE(Decorations.java:1703)
	at org.eclipse.swt.widgets.Control.windowProc(Control.java:4678)
	at org.eclipse.swt.widgets.Canvas.windowProc(Canvas.java:339)
	at org.eclipse.swt.widgets.Decorations.windowProc(Decorations.java:1633)
	at org.eclipse.swt.widgets.Shell.windowProc(Shell.java:2117)
	at org.eclipse.swt.widgets.Display.windowProc(Display.java:5050)
	at org.eclipse.swt.internal.win32.OS.DefWindowProcW(Native Method)
	at org.eclipse.swt.internal.win32.OS.DefWindowProc(OS.java:2544)
	at org.eclipse.swt.widgets.Shell.callWindowProc(Shell.java:498)
	at org.eclipse.swt.widgets.Control.windowProc(Control.java:4774)
	at org.eclipse.swt.widgets.Canvas.windowProc(Canvas.java:339)
	at org.eclipse.swt.widgets.Decorations.windowProc(Decorations.java:1633)
	at org.eclipse.swt.widgets.Shell.windowProc(Shell.java:2117)
	at org.eclipse.swt.widgets.Display.windowProc(Display.java:5050)
	at org.eclipse.swt.internal.win32.OS.DefWindowProcW(Native Method)
	at org.eclipse.swt.internal.win32.OS.DefWindowProc(OS.java:2544)
	at org.eclipse.swt.widgets.Shell.callWindowProc(Shell.java:498)
	at org.eclipse.swt.widgets.Control.windowProc(Control.java:4774)
	at org.eclipse.swt.widgets.Canvas.windowProc(Canvas.java:339)
	at org.eclipse.swt.widgets.Decorations.windowProc(Decorations.java:1633)
	at org.eclipse.swt.widgets.Shell.windowProc(Shell.java:2117)
	at org.eclipse.swt.widgets.Display.windowProc(Display.java:5050)
	at org.eclipse.swt.internal.win32.OS.DispatchMessageW(Native Method)
	at org.eclipse.swt.internal.win32.OS.DispatchMessage(OS.java:2549)
	at org.eclipse.swt.widgets.Display.readAndDispatch(Display.java:3767)
	at org.eclipse.e4.ui.internal.workbench.swt.PartRenderingEngine$4.run(PartRenderingEngine.java:1127)
	at org.eclipse.core.databinding.observable.Realm.runWithDefault(Realm.java:337)
	at org.eclipse.e4.ui.internal.workbench.swt.PartRenderingEngine.run(PartRenderingEngine.java:1018)
	at org.eclipse.e4.ui.internal.workbench.E4Workbench.createAndRunUI(E4Workbench.java:156)
	at org.eclipse.ui.internal.Workbench$5.run(Workbench.java:694)
	at org.eclipse.core.databinding.observable.Realm.runWithDefault(Realm.java:337)
	at org.eclipse.ui.internal.Workbench.createAndRunWorkbench(Workbench.java:606)
	at org.eclipse.ui.PlatformUI.createAndRunWorkbench(PlatformUI.java:150)
	at org.eclipse.ui.internal.ide.application.IDEApplication.start(IDEApplication.java:139)
	at org.eclipse.equinox.internal.app.EclipseAppHandle.run(EclipseAppHandle.java:196)
	at org.eclipse.core.runtime.internal.adaptor.EclipseAppLauncher.runApplication(EclipseAppLauncher.java:134)
	at org.eclipse.core.runtime.internal.adaptor.EclipseAppLauncher.start(EclipseAppLauncher.java:104)
	at org.eclipse.core.runtime.adaptor.EclipseStarter.run(EclipseStarter.java:380)
	at org.eclipse.core.runtime.adaptor.EclipseStarter.run(EclipseStarter.java:235)
	at sun.reflect.NativeMethodAccessorImpl.invoke0(Native Method)
	at sun.reflect.NativeMethodAccessorImpl.invoke(Unknown Source)
	at sun.reflect.DelegatingMethodAccessorImpl.invoke(Unknown Source)
	at java.lang.reflect.Method.invoke(Unknown Source)
	at org.eclipse.equinox.launcher.Main.invokeFramework(Main.java:669)
	at org.eclipse.equinox.launcher.Main.basicRun(Main.java:608)
	at org.eclipse.equinox.launcher.Main.run(Main.java:1515)
Caused by: java.io.FileNotFoundException: C:\Users\Adam\Desktop\Eclipse\.recommenders\index\http___download_eclipse_org_recommenders_models_mars_\_5.prx (The system cannot find the file specified)
	at java.io.RandomAccessFile.open0(Native Method)
	at java.io.RandomAccessFile.open(Unknown Source)
	at java.io.RandomAccessFile.<init>(Unknown Source)
	at org.apache.lucene.store.MMapDirectory.openInput(MMapDirectory.java:214)
	at org.apache.lucene.index.SegmentCoreReaders.<init>(SegmentCoreReaders.java:89)
	at org.apache.lucene.index.SegmentReader.get(SegmentReader.java:115)
	at org.apache.lucene.index.IndexWriter$ReaderPool.get(IndexWriter.java:705)
	at org.apache.lucene.index.IndexWriter$ReaderPool.getReadOnlyClone(IndexWriter.java:663)
	at org.apache.lucene.index.DirectoryReader.<init>(DirectoryReader.java:157)
	at org.apache.lucene.index.ReadOnlyDirectoryReader.<init>(ReadOnlyDirectoryReader.java:38)
	at org.apache.lucene.index.IndexWriter.getReader(IndexWriter.java:453)
	at org.apache.lucene.index.IndexWriter.getReader(IndexWriter.java:401)
	at org.apache.lucene.index.IndexReader.open(IndexReader.java:345)
	at org.eclipse.recommenders.models.ModelIndex.open(ModelIndex.java:125)
	at org.eclipse.recommenders.internal.models.rcp.EclipseModelIndex.openDelegate(EclipseModelIndex.java:165)
	at org.eclipse.recommenders.internal.models.rcp.EclipseModelIndex.startUp(EclipseModelIndex.java:132)
	at com.google.common.util.concurrent.AbstractIdleService$2$1.run(AbstractIdleService.java:54)
	at com.google.common.util.concurrent.Callables$3.run(Callables.java:93)
	at java.lang.Thread.run(Unknown Source)
!SESSION 2016-05-04 17:27:03.861 -----------------------------------------------
eclipse.buildId=4.5.2.M20160212-1500
java.version=1.8.0_73
java.vendor=Oracle Corporation
BootLoader constants: OS=win32, ARCH=x86_64, WS=win32, NL=en_US
Framework arguments:  -product org.eclipse.epp.package.java.product
Command-line arguments:  -os win32 -ws win32 -arch x86_64 -product org.eclipse.epp.package.java.product

!ENTRY org.eclipse.egit.ui 2 0 2016-05-04 17:27:27.643
!MESSAGE Warning: The environment variable HOME is not set. The following directory will be used to store the Git
user global configuration and to define the default location to store repositories: 'C:\Users\Adam'. If this is
not correct please set the HOME environment variable and restart Eclipse. Otherwise Git for Windows and
EGit might behave differently since they see different configuration options.
This warning can be switched off on the Team > Git > Confirmations and Warnings preference page.
!SESSION 2016-05-04 17:36:21.579 -----------------------------------------------
eclipse.buildId=4.5.2.M20160212-1500
java.version=1.8.0_73
java.vendor=Oracle Corporation
BootLoader constants: OS=win32, ARCH=x86_64, WS=win32, NL=en_US
Framework arguments:  -product org.eclipse.epp.package.java.product
Command-line arguments:  -os win32 -ws win32 -arch x86_64 -product org.eclipse.epp.package.java.product

!ENTRY org.eclipse.egit.ui 2 0 2016-05-04 17:36:30.444
!MESSAGE Warning: The environment variable HOME is not set. The following directory will be used to store the Git
user global configuration and to define the default location to store repositories: 'C:\Users\Adam'. If this is
not correct please set the HOME environment variable and restart Eclipse. Otherwise Git for Windows and
EGit might behave differently since they see different configuration options.
This warning can be switched off on the Team > Git > Confirmations and Warnings preference page.
=======
!ENTRY org.eclipse.ui 2 0 2016-05-04 17:40:05.897
!MESSAGE The 'org.eclipse.ui.startup' extension from 'com.objectaid.uml' does not provide a 'class' attribute.
This usage is deprecated and a 'class' attribute should be provided.
The release after Mars (4.5) will no longer support the deprecated usage!
>>>>>>> 13f3efc8e55b28f0f191beb94ad256ca34bcd47d
